<?xml version="1.0" encoding="UTF-8"?>
<!-- Generated by org.testng.reporters.JUnitReportReporter -->
<testsuite hostname="DESKTOP-OESG71A" failures="0" tests="1" name="com.store.test.cases.ProductLoginTest" time="11.365" errors="0" timestamp="2022-03-16T22:40:31 EDT" skipped="0">
  <testcase classname="com.store.test.cases.ProductLoginTest" name="loginTest" time="11.365"/>
  <system-out/>
</testsuite> <!-- com.store.test.cases.ProductLoginTest -->
