<?xml version="1.0" encoding="UTF-8"?>
<!-- Generated by org.testng.reporters.JUnitReportReporter -->
<testsuite hostname="DESKTOP-OESG71A" failures="0" tests="1" name="com.qa.testCases.TestBanking" time="0.008" errors="0" timestamp="2022-10-09T10:34:48 EDT" skipped="0">
  <testcase classname="com.qa.testCases.TestBanking" name="openBankSite" time="0.008"/>
  <system-out/>
</testsuite> <!-- com.qa.testCases.TestBanking -->
